
Context changed to ~/Documents/Collatz_Project/
Parsing algorithm2mod
algorithm2mod parsed in 0.04 seconds
Typechecking algorithm2mod
Parsing Verification
Verification parsed in 0.02 seconds
Verification is already parsed
Typechecking Verification
Verification typechecked in 0.17s: 33 TCCs, 0 proved, 25 subsumed, 8 unproved
Parsing algorithm3
algorithm3 parsed in 0.01 seconds
algorithm3 is already parsed
Typechecking algorithm3
algorithm3 typechecked in 0.12s: 16 TCCs, 0 proved, 4 subsumed, 12 unproved; 7 msgs
algorithm2mod typechecked in 0.72s: 42 TCCs, 0 proved, 9 subsumed, 33 unproved; 7 msgs
Warning: (method typecheck* (subtype-judgement t t t)), :operator was
         defined in
         /home/campus18/mmbraine/Documents/PVSInstall/pvs-7.1.0/nasalib/pvs-patches/patch-20210707-trivial-judgements.lisp
         and is now being defined in
         /home/campus18/mmbraine/Documents/PVSInstall/pvs-7.1.0/pvs-patches/patch-20210707.lisp
Warning: (method typecheck* (subtype-judgement t t t)), :operator was
         defined in
         /home/campus18/mmbraine/Documents/PVSInstall/pvs-7.1.0/pvs-patches/patch-20210707.lisp
         and is now being defined in
         /home/campus18/mmbraine/Documents/PVSInstall/pvs-7.1.0/nasalib/pvs-patches/patch-20210707-trivial-judgements.lisp
Warning: (method typecheck* (subtype-judgement t t t)), :operator was
         defined in
         /home/campus18/mmbraine/Documents/PVSInstall/pvs-7.1.0/nasalib/pvs-patches/patch-20210707-trivial-judgements.lisp
         and is now being defined in
         /home/campus18/mmbraine/Documents/PVSInstall/pvs-7.1.0/pvs-patches/patch-20210707.lisp
Warning: (method typecheck* (subtype-judgement t t t)), :operator was
         defined in
         /home/campus18/mmbraine/Documents/PVSInstall/pvs-7.1.0/pvs-patches/patch-20210707.lisp
         and is now being defined in
         /home/campus18/mmbraine/Documents/PVSInstall/pvs-7.1.0/nasalib/pvs-patches/patch-20210707-trivial-judgements.lisp
; While compiling #'_make_exc at top level:
Warning: Variable condition is never used.
Warning: Variable condition is never used.
; While compiling #'make_exc! at top level:
Warning: Variable condition is never used.
Warning: Variable condition is never used.
; While compiling #'(:internal make_exc 0) at top level:
Warning: Variable condition is never used.
Warning: Variable condition is never used.
; While compiling #'_validate_string at top level:
Warning: Variable k is never used.
; While compiling #'validate_string! at top level:
Warning: Variable k is never used.
; While compiling #'_final_case_1 at top level:
Warning: Variable y is never used.
; While compiling #'final_case_1! at top level:
Warning: Variable y is never used.
; While compiling #'(:internal final_case_1 0) at top level:
Warning: Variable y is never used.
; While compiling #'_final_case_3 at top level:
Warning: Variable y is never used.
; While compiling #'final_case_3! at top level:
Warning: Variable y is never used.
; While compiling #'(:internal final_case_3 0) at top level:
Warning: Variable y is never used.
; While compiling #'_verification at top level:
Warning: Variable condition is never used.
Warning: Variable condition is never used.
Warning: Variable condition is never used.
Warning: Variable condition is never used.
Warning: Variable condition is never used.
Warning: Variable condition is never used.
Warning: Variable condition is never used.
Warning: Variable condition is never used.
Warning: Variable condition is never used.
Warning: Variable condition is never used.
; While compiling #'verification! at top level:
Warning: Variable condition is never used.
Warning: Variable condition is never used.
Warning: Variable condition is never used.
Warning: Variable condition is never used.
Warning: Variable condition is never used.
Warning: Variable condition is never used.
Warning: Variable condition is never used.
Warning: Variable condition is never used.
Warning: Variable condition is never used.
Warning: Variable condition is never used.
; While compiling #'(:internal verification 0) at top level:
Warning: Variable condition is never used.
Warning: Variable condition is never used.
Warning: Variable condition is never used.
Warning: Variable condition is never used.
Warning: Variable condition is never used.
Warning: Variable condition is never used.
Warning: Variable condition is never used.
Warning: Variable condition is never used.
Warning: Variable condition is never used.
Warning: Variable condition is never used.
; While compiling #'_case1 at top level:
Warning: Variable yk is never used.
Warning: Variable k is never used.
; While compiling #'case1! at top level:
Warning: Variable yk is never used.
Warning: Variable k is never used.
; While compiling #'(:internal case1 0) at top level:
Warning: Variable yk is never used.
Warning: Variable k is never used.
; While compiling #'_case2 at top level:
Warning: Variable j is never used.
Warning: Variable yk is never used.
Warning: Variable k is never used.
; While compiling #'case2! at top level:
Warning: Variable j is never used.
Warning: Variable yk is never used.
Warning: Variable k is never used.
; While compiling #'(:internal case2 0) at top level:
Warning: Variable j is never used.
Warning: Variable yk is never used.
Warning: Variable k is never used.
; While compiling #'_case3 at top level:
Warning: Variable i is never used.
; While compiling #'case3! at top level:
Warning: Variable i is never used.
; While compiling #'_casem0 at top level:
Warning: Variable str is never used.
Warning: Variable k is never used.
; While compiling #'casem0! at top level:
Warning: Variable str is never used.
Warning: Variable k is never used.
; While compiling #'(:internal casem0 0) at top level:
Warning: Variable str is never used.
Warning: Variable k is never used.
; While compiling #'_casemnot0 at top level:
Warning: Variable x is never used.
Warning: Variable k is never used.
; While compiling #'casemnot0! at top level:
Warning: Variable x is never used.
Warning: Variable k is never used.
; While compiling #'(:internal casemnot0 0) at top level:
Warning: Variable x is never used.
Warning: Variable k is never used.
; While compiling #'_case4 at top level:
Warning: Variable str is never used.
; While compiling #'case4! at top level:
Warning: Variable str is never used.
; While compiling #'(:internal case4 0) at top level:
Warning: Variable str is never used.
; While compiling #'_add at top level:
Warning: Variable condition is never used.
Warning: Variable condition is never used.
Warning: Variable condition is never used.
Warning: Variable condition is never used.
Warning: Variable condition is never used.
Warning: Variable condition is never used.
Warning: Variable condition is never used.
Warning: Variable condition is never used.
Warning: Variable condition is never used.
Warning: Variable condition is never used.
Warning: Variable condition is never used.
Warning: Variable condition is never used.
Warning: Variable condition is never used.
Warning: Variable condition is never used.
Warning: Variable condition is never used.
; While compiling #'add! at top level:
Warning: Variable condition is never used.
Warning: Variable condition is never used.
Warning: Variable condition is never used.
Warning: Variable condition is never used.
Warning: Variable condition is never used.
Warning: Variable condition is never used.
Warning: Variable condition is never used.
Warning: Variable condition is never used.
Warning: Variable condition is never used.
Warning: Variable condition is never used.
Warning: Variable condition is never used.
Warning: Variable condition is never used.
Warning: Variable condition is never used.
Warning: Variable condition is never used.
Warning: Variable condition is never used.
; While compiling #'(:internal add 0) at top level:
Warning: Variable condition is never used.
Warning: Variable condition is never used.
Warning: Variable condition is never used.
Warning: Variable condition is never used.
Warning: Variable condition is never used.
Warning: Variable condition is never used.
Warning: Variable condition is never used.
Warning: Variable condition is never used.
Warning: Variable condition is never used.
Warning: Variable condition is never used.
Warning: Variable condition is never used.
Warning: Variable condition is never used.
Warning: Variable condition is never used.
Warning: Variable condition is never used.
Warning: Variable condition is never used.
; While compiling #'_recursiveForEnhanced at top level:
Warning: Variable condition is never used.
Warning: Variable condition is never used.
Warning: Variable condition is never used.
Warning: Variable condition is never used.
Warning: Variable condition is never used.
Warning: Variable condition is never used.
Warning: Variable condition is never used.
Warning: Variable condition is never used.
Warning: Variable condition is never used.
Warning: Variable condition is never used.
; While compiling #'recursiveForEnhanced! at top level:
Warning: Variable condition is never used.
Warning: Variable condition is never used.
Warning: Variable condition is never used.
Warning: Variable condition is never used.
Warning: Variable condition is never used.
Warning: Variable condition is never used.
Warning: Variable condition is never used.
Warning: Variable condition is never used.
Warning: Variable condition is never used.
Warning: Variable condition is never used.
; While compiling #'(:internal recursiveForEnhanced 0) at top level:
Warning: Variable condition is never used.
Warning: Variable condition is never used.
Warning: Variable condition is never used.
Warning: Variable condition is never used.
Warning: Variable condition is never used.
Warning: Variable condition is never used.
Warning: Variable condition is never used.
Warning: Variable condition is never used.
Warning: Variable condition is never used.
Warning: Variable condition is never used.
; While compiling #'_empty_sequence at top level:
Warning: Variable n is never used.
; While compiling #'empty_sequence! at top level:
Warning: Variable n is never used.
; While compiling #'(:internal empty_sequence 0) at top level:
Warning: Variable n is never used.
; While compiling #'_mainfor at top level:
Warning: Variable qj is never used.
; While compiling #'(:internal _mainfor 0) at top level:
Warning: Variable condition is never used.
Warning: Variable condition is never used.
Warning: Variable condition is never used.
Warning: Variable condition is never used.
Warning: Variable condition is never used.
Warning: Variable condition is never used.
Warning: Variable condition is never used.
Warning: Variable condition is never used.
Warning: Variable condition is never used.
Warning: Variable condition is never used.
Warning: Variable condition is never used.
Warning: Variable condition is never used.
Warning: Variable condition is never used.
Warning: Variable condition is never used.
Warning: Variable condition is never used.
Warning: Variable condition is never used.
Warning: Variable condition is never used.
Warning: Variable condition is never used.
Warning: Variable condition is never used.
Warning: Variable condition is never used.
; While compiling #'mainfor! at top level:
Warning: Variable qj is never used.
; While compiling #'(:internal mainfor! 0) at top level:
Warning: Variable condition is never used.
Warning: Variable condition is never used.
Warning: Variable condition is never used.
Warning: Variable condition is never used.
Warning: Variable condition is never used.
Warning: Variable condition is never used.
Warning: Variable condition is never used.
Warning: Variable condition is never used.
Warning: Variable condition is never used.
Warning: Variable condition is never used.
Warning: Variable condition is never used.
Warning: Variable condition is never used.
Warning: Variable condition is never used.
Warning: Variable condition is never used.
Warning: Variable condition is never used.
Warning: Variable condition is never used.
Warning: Variable condition is never used.
Warning: Variable condition is never used.
Warning: Variable condition is never used.
Warning: Variable condition is never used.
; While compiling #'(:internal (:internal mainfor 0) 0) at top level:
Warning: Variable condition is never used.
Warning: Variable condition is never used.
Warning: Variable condition is never used.
Warning: Variable condition is never used.
Warning: Variable condition is never used.
Warning: Variable condition is never used.
Warning: Variable condition is never used.
Warning: Variable condition is never used.
Warning: Variable condition is never used.
Warning: Variable condition is never used.
Warning: Variable condition is never used.
Warning: Variable condition is never used.
Warning: Variable condition is never used.
Warning: Variable 