
Context changed to ~/Documents/Collatz_Project/
Parsing Verification
Verification parsed in 0.03 seconds
Typechecking Verification
Verification typechecked in 0.13s: 32 TCCs, 0 proved, 13 subsumed, 19 unproved
Warning: (method typecheck* (subtype-judgement t t t)), :operator was
         defined in
         /home/campus18/mmbraine/Documents/PVSInstall/pvs-7.1.0/nasalib/pvs-patches/patch-20210707-trivial-judgements.lisp
         and is now being defined in
         /home/campus18/mmbraine/Documents/PVSInstall/pvs-7.1.0/pvs-patches/patch-20210707.lisp
Warning: (method typecheck* (subtype-judgement t t t)), :operator was
         defined in
         /home/campus18/mmbraine/Documents/PVSInstall/pvs-7.1.0/pvs-patches/patch-20210707.lisp
         and is now being defined in
         /home/campus18/mmbraine/Documents/PVSInstall/pvs-7.1.0/nasalib/pvs-patches/patch-20210707-trivial-judgements.lisp
Warning: (method typecheck* (subtype-judgement t t t)), :operator was
         defined in
         /home/campus18/mmbraine/Documents/PVSInstall/pvs-7.1.0/nasalib/pvs-patches/patch-20210707-trivial-judgements.lisp
         and is now being defined in
         /home/campus18/mmbraine/Documents/PVSInstall/pvs-7.1.0/pvs-patches/patch-20210707.lisp
Warning: (method typecheck* (subtype-judgement t t t)), :operator was
         defined in
         /home/campus18/mmbraine/Documents/PVSInstall/pvs-7.1.0/pvs-patches/patch-20210707.lisp
         and is now being defined in
         /home/campus18/mmbraine/Documents/PVSInstall/pvs-7.1.0/nasalib/pvs-patches/patch-20210707-trivial-judgements.lisp
; While compiling #'_validate_string at top level:
Warning: Variable k is never used.
; While compiling #'validate_string! at top level:
Warning: Variable k is never used.
